2020-05-01 08:43:10 INFO  Ims:27 - What is your username
2020-05-01 08:43:14 INFO  Ims:29 - What is your password
2020-05-01 08:43:16 DEBUG Ims:114 - java.base/jdk.internal.reflect.NativeConstructorAccessorImpl.newInstance0(Native Method)
2020-05-01 08:43:16 DEBUG Ims:114 - java.base/jdk.internal.reflect.NativeConstructorAccessorImpl.newInstance(NativeConstructorAccessorImpl.java:62)
2020-05-01 08:43:16 DEBUG Ims:114 - java.base/jdk.internal.reflect.DelegatingConstructorAccessorImpl.newInstance(DelegatingConstructorAccessorImpl.java:45)
2020-05-01 08:43:16 DEBUG Ims:114 - java.base/java.lang.reflect.Constructor.newInstanceWithCaller(Constructor.java:500)
2020-05-01 08:43:16 DEBUG Ims:114 - java.base/java.lang.reflect.Constructor.newInstance(Constructor.java:481)
2020-05-01 08:43:16 DEBUG Ims:114 - com.mysql.jdbc.Util.handleNewInstance(Util.java:425)
2020-05-01 08:43:16 DEBUG Ims:114 - com.mysql.jdbc.Util.getInstance(Util.java:408)
2020-05-01 08:43:16 DEBUG Ims:114 - com.mysql.jdbc.SQLError.createSQLException(SQLError.java:919)
2020-05-01 08:43:16 DEBUG Ims:114 - com.mysql.jdbc.SQLError.createSQLException(SQLError.java:898)
2020-05-01 08:43:16 DEBUG Ims:114 - com.mysql.jdbc.SQLError.createSQLException(SQLError.java:887)
2020-05-01 08:43:16 DEBUG Ims:114 - com.mysql.jdbc.SQLError.createSQLException(SQLError.java:861)
2020-05-01 08:43:16 DEBUG Ims:114 - com.mysql.jdbc.NonRegisteringDriver.connect(NonRegisteringDriver.java:331)
2020-05-01 08:43:16 DEBUG Ims:114 - java.sql/java.sql.DriverManager.getConnection(DriverManager.java:677)
2020-05-01 08:43:16 DEBUG Ims:114 - java.sql/java.sql.DriverManager.getConnection(DriverManager.java:228)
2020-05-01 08:43:16 DEBUG Ims:114 - ims.Ims.init(Ims.java:104)
2020-05-01 08:43:16 DEBUG Ims:114 - ims.Ims.init(Ims.java:80)
2020-05-01 08:43:16 DEBUG Ims:114 - ims.Ims.ImsSystem(Ims.java:32)
2020-05-01 08:43:16 DEBUG Ims:114 - ims.ImsRunner.main(ImsRunner.java:6)
2020-05-01 08:43:16 ERROR Ims:116 - Cannot load connection class because of underlying exception: 'java.lang.NumberFormatException: For input string: "mysql:"'.
2020-05-01 08:43:16 INFO  Ims:34 - Which entity would you like to use?
2020-05-01 08:43:16 INFO  EntitySelection:28 - CUSTOMER: Information about customers
2020-05-01 08:43:16 INFO  EntitySelection:28 - ORDER: Individual Items
2020-05-01 08:43:16 INFO  EntitySelection:28 - INVENTORY: Purchases of items
2020-05-01 08:43:16 INFO  EntitySelection:28 - STOP: To close the application
2020-05-01 08:43:30 INFO  Ims:38 - What would you like to do with customer:
2020-05-01 08:43:30 INFO  CrudActions:28 - CREATE:Create a new item in the database
2020-05-01 08:43:30 INFO  CrudActions:28 - READ:Select an item to read from the database
2020-05-01 08:43:30 INFO  CrudActions:28 - UPDATE:Update an item in the database
2020-05-01 08:43:30 INFO  CrudActions:28 - DELETE:Delete an item from the database
2020-05-01 08:43:30 INFO  CrudActions:28 - RETURN:Back to Menu
2020-05-01 08:46:38 INFO  Ims:27 - What is your username
2020-05-01 08:46:41 INFO  Ims:29 - What is your password
2020-05-01 08:46:42 DEBUG Ims:114 - java.base/jdk.internal.reflect.NativeConstructorAccessorImpl.newInstance0(Native Method)
2020-05-01 08:46:42 DEBUG Ims:114 - java.base/jdk.internal.reflect.NativeConstructorAccessorImpl.newInstance(NativeConstructorAccessorImpl.java:62)
2020-05-01 08:46:42 DEBUG Ims:114 - java.base/jdk.internal.reflect.DelegatingConstructorAccessorImpl.newInstance(DelegatingConstructorAccessorImpl.java:45)
2020-05-01 08:46:42 DEBUG Ims:114 - java.base/java.lang.reflect.Constructor.newInstanceWithCaller(Constructor.java:500)
2020-05-01 08:46:42 DEBUG Ims:114 - java.base/java.lang.reflect.Constructor.newInstance(Constructor.java:481)
2020-05-01 08:46:42 DEBUG Ims:114 - com.mysql.jdbc.Util.handleNewInstance(Util.java:425)
2020-05-01 08:46:42 DEBUG Ims:114 - com.mysql.jdbc.Util.getInstance(Util.java:408)
2020-05-01 08:46:42 DEBUG Ims:114 - com.mysql.jdbc.SQLError.createSQLException(SQLError.java:919)
2020-05-01 08:46:42 DEBUG Ims:114 - com.mysql.jdbc.SQLError.createSQLException(SQLError.java:898)
2020-05-01 08:46:42 DEBUG Ims:114 - com.mysql.jdbc.SQLError.createSQLException(SQLError.java:887)
2020-05-01 08:46:42 DEBUG Ims:114 - com.mysql.jdbc.SQLError.createSQLException(SQLError.java:861)
2020-05-01 08:46:42 DEBUG Ims:114 - com.mysql.jdbc.NonRegisteringDriver.connect(NonRegisteringDriver.java:331)
2020-05-01 08:46:42 DEBUG Ims:114 - java.sql/java.sql.DriverManager.getConnection(DriverManager.java:677)
2020-05-01 08:46:42 DEBUG Ims:114 - java.sql/java.sql.DriverManager.getConnection(DriverManager.java:228)
2020-05-01 08:46:42 DEBUG Ims:114 - ims.Ims.init(Ims.java:104)
2020-05-01 08:46:42 DEBUG Ims:114 - ims.Ims.init(Ims.java:80)
2020-05-01 08:46:42 DEBUG Ims:114 - ims.Ims.ImsSystem(Ims.java:32)
2020-05-01 08:46:42 DEBUG Ims:114 - ims.ImsRunner.main(ImsRunner.java:6)
2020-05-01 08:46:42 ERROR Ims:116 - Cannot load connection class because of underlying exception: 'java.lang.NumberFormatException: For input string: "mysql:"'.
2020-05-01 08:46:42 INFO  Ims:34 - Which entity would you like to use?
2020-05-01 08:46:42 INFO  EntitySelection:28 - CUSTOMER: Information about customers
2020-05-01 08:46:42 INFO  EntitySelection:28 - ORDER: Individual Items
2020-05-01 08:46:42 INFO  EntitySelection:28 - INVENTORY: Purchases of items
2020-05-01 08:46:42 INFO  EntitySelection:28 - STOP: To close the application
2020-05-01 08:48:06 INFO  Ims:27 - What is your username
2020-05-01 08:48:11 INFO  Ims:29 - What is your password
2020-05-01 08:48:12 DEBUG Ims:114 - java.base/jdk.internal.reflect.NativeConstructorAccessorImpl.newInstance0(Native Method)
2020-05-01 08:48:12 DEBUG Ims:114 - java.base/jdk.internal.reflect.NativeConstructorAccessorImpl.newInstance(NativeConstructorAccessorImpl.java:62)
2020-05-01 08:48:12 DEBUG Ims:114 - java.base/jdk.internal.reflect.DelegatingConstructorAccessorImpl.newInstance(DelegatingConstructorAccessorImpl.java:45)
2020-05-01 08:48:12 DEBUG Ims:114 - java.base/java.lang.reflect.Constructor.newInstanceWithCaller(Constructor.java:500)
2020-05-01 08:48:12 DEBUG Ims:114 - java.base/java.lang.reflect.Constructor.newInstance(Constructor.java:481)
2020-05-01 08:48:12 DEBUG Ims:114 - com.mysql.jdbc.Util.handleNewInstance(Util.java:425)
2020-05-01 08:48:12 DEBUG Ims:114 - com.mysql.jdbc.Util.getInstance(Util.java:408)
2020-05-01 08:48:12 DEBUG Ims:114 - com.mysql.jdbc.SQLError.createSQLException(SQLError.java:919)
2020-05-01 08:48:12 DEBUG Ims:114 - com.mysql.jdbc.SQLError.createSQLException(SQLError.java:898)
2020-05-01 08:48:12 DEBUG Ims:114 - com.mysql.jdbc.SQLError.createSQLException(SQLError.java:887)
2020-05-01 08:48:12 DEBUG Ims:114 - com.mysql.jdbc.SQLError.createSQLException(SQLError.java:861)
2020-05-01 08:48:12 DEBUG Ims:114 - com.mysql.jdbc.NonRegisteringDriver.connect(NonRegisteringDriver.java:331)
2020-05-01 08:48:12 DEBUG Ims:114 - java.sql/java.sql.DriverManager.getConnection(DriverManager.java:677)
2020-05-01 08:48:12 DEBUG Ims:114 - java.sql/java.sql.DriverManager.getConnection(DriverManager.java:228)
2020-05-01 08:48:12 DEBUG Ims:114 - ims.Ims.init(Ims.java:104)
2020-05-01 08:48:12 DEBUG Ims:114 - ims.Ims.init(Ims.java:80)
2020-05-01 08:48:12 DEBUG Ims:114 - ims.Ims.ImsSystem(Ims.java:32)
2020-05-01 08:48:12 DEBUG Ims:114 - ims.ImsRunner.main(ImsRunner.java:6)
2020-05-01 08:48:12 ERROR Ims:116 - Cannot load connection class because of underlying exception: 'java.lang.NumberFormatException: For input string: "mysql:"'.
2020-05-01 08:48:12 INFO  Ims:34 - Which entity would you like to use?
2020-05-01 08:48:12 INFO  EntitySelection:28 - CUSTOMER: Information about customers
2020-05-01 08:48:12 INFO  EntitySelection:28 - ORDER: Individual Items
2020-05-01 08:48:12 INFO  EntitySelection:28 - INVENTORY: Purchases of items
2020-05-01 08:48:12 INFO  EntitySelection:28 - STOP: To close the application
2020-05-01 08:50:56 INFO  Ims:27 - What is your username
2020-05-01 08:50:58 INFO  Ims:29 - What is your password
2020-05-01 08:50:59 DEBUG Ims:114 - java.base/jdk.internal.reflect.NativeConstructorAccessorImpl.newInstance0(Native Method)
2020-05-01 08:50:59 DEBUG Ims:114 - java.base/jdk.internal.reflect.NativeConstructorAccessorImpl.newInstance(NativeConstructorAccessorImpl.java:62)
2020-05-01 08:50:59 DEBUG Ims:114 - java.base/jdk.internal.reflect.DelegatingConstructorAccessorImpl.newInstance(DelegatingConstructorAccessorImpl.java:45)
2020-05-01 08:50:59 DEBUG Ims:114 - java.base/java.lang.reflect.Constructor.newInstanceWithCaller(Constructor.java:500)
2020-05-01 08:50:59 DEBUG Ims:114 - java.base/java.lang.reflect.Constructor.newInstance(Constructor.java:481)
2020-05-01 08:50:59 DEBUG Ims:114 - com.mysql.jdbc.Util.handleNewInstance(Util.java:425)
2020-05-01 08:50:59 DEBUG Ims:114 - com.mysql.jdbc.Util.getInstance(Util.java:408)
2020-05-01 08:50:59 DEBUG Ims:114 - com.mysql.jdbc.SQLError.createSQLException(SQLError.java:919)
2020-05-01 08:50:59 DEBUG Ims:114 - com.mysql.jdbc.SQLError.createSQLException(SQLError.java:898)
2020-05-01 08:50:59 DEBUG Ims:114 - com.mysql.jdbc.SQLError.createSQLException(SQLError.java:887)
2020-05-01 08:50:59 DEBUG Ims:114 - com.mysql.jdbc.SQLError.createSQLException(SQLError.java:861)
2020-05-01 08:50:59 DEBUG Ims:114 - com.mysql.jdbc.NonRegisteringDriver.connect(NonRegisteringDriver.java:331)
2020-05-01 08:50:59 DEBUG Ims:114 - java.sql/java.sql.DriverManager.getConnection(DriverManager.java:677)
2020-05-01 08:50:59 DEBUG Ims:114 - java.sql/java.sql.DriverManager.getConnection(DriverManager.java:228)
2020-05-01 08:50:59 DEBUG Ims:114 - ims.Ims.init(Ims.java:104)
2020-05-01 08:50:59 DEBUG Ims:114 - ims.Ims.init(Ims.java:80)
2020-05-01 08:50:59 DEBUG Ims:114 - ims.Ims.ImsSystem(Ims.java:32)
2020-05-01 08:50:59 DEBUG Ims:114 - ims.ImsRunner.main(ImsRunner.java:6)
2020-05-01 08:50:59 ERROR Ims:116 - Cannot load connection class because of underlying exception: 'java.lang.NumberFormatException: For input string: "mysql:"'.
2020-05-01 08:50:59 INFO  Ims:34 - Which entity would you like to use?
2020-05-01 08:50:59 INFO  EntitySelection:28 - CUSTOMER: Information about customers
2020-05-01 08:50:59 INFO  EntitySelection:28 - ORDER: Individual Items
2020-05-01 08:50:59 INFO  EntitySelection:28 - INVENTORY: Purchases of items
2020-05-01 08:50:59 INFO  EntitySelection:28 - STOP: To close the application
2020-05-01 08:51:26 INFO  Ims:27 - What is your username
2020-05-01 08:51:28 INFO  Ims:29 - What is your password
2020-05-01 08:52:40 DEBUG Ims:114 - java.base/jdk.internal.reflect.NativeConstructorAccessorImpl.newInstance0(Native Method)
2020-05-01 08:52:40 DEBUG Ims:114 - java.base/jdk.internal.reflect.NativeConstructorAccessorImpl.newInstance(NativeConstructorAccessorImpl.java:62)
2020-05-01 08:52:40 DEBUG Ims:114 - java.base/jdk.internal.reflect.DelegatingConstructorAccessorImpl.newInstance(DelegatingConstructorAccessorImpl.java:45)
2020-05-01 08:52:40 DEBUG Ims:114 - java.base/java.lang.reflect.Constructor.newInstanceWithCaller(Constructor.java:500)
2020-05-01 08:52:40 DEBUG Ims:114 - java.base/java.lang.reflect.Constructor.newInstance(Constructor.java:481)
2020-05-01 08:52:40 DEBUG Ims:114 - com.mysql.jdbc.Util.handleNewInstance(Util.java:425)
2020-05-01 08:52:40 DEBUG Ims:114 - com.mysql.jdbc.Util.getInstance(Util.java:408)
2020-05-01 08:52:40 DEBUG Ims:114 - com.mysql.jdbc.SQLError.createSQLException(SQLError.java:919)
2020-05-01 08:52:40 DEBUG Ims:114 - com.mysql.jdbc.SQLError.createSQLException(SQLError.java:898)
2020-05-01 08:52:40 DEBUG Ims:114 - com.mysql.jdbc.SQLError.createSQLException(SQLError.java:887)
2020-05-01 08:52:40 DEBUG Ims:114 - com.mysql.jdbc.SQLError.createSQLException(SQLError.java:861)
2020-05-01 08:52:40 DEBUG Ims:114 - com.mysql.jdbc.NonRegisteringDriver.connect(NonRegisteringDriver.java:331)
2020-05-01 08:52:40 DEBUG Ims:114 - java.sql/java.sql.DriverManager.getConnection(DriverManager.java:677)
2020-05-01 08:52:40 DEBUG Ims:114 - java.sql/java.sql.DriverManager.getConnection(DriverManager.java:228)
2020-05-01 08:52:40 DEBUG Ims:114 - ims.Ims.init(Ims.java:104)
2020-05-01 08:52:40 DEBUG Ims:114 - ims.Ims.init(Ims.java:80)
2020-05-01 08:52:40 DEBUG Ims:114 - ims.Ims.ImsSystem(Ims.java:32)
2020-05-01 08:52:40 DEBUG Ims:114 - ims.ImsRunner.main(ImsRunner.java:6)
2020-05-01 08:52:40 ERROR Ims:116 - Cannot load connection class because of underlying exception: 'java.lang.NumberFormatException: For input string: "mysql:"'.
2020-05-01 08:52:52 INFO  Ims:27 - What is your username
2020-05-01 08:52:54 INFO  Ims:29 - What is your password
2020-05-01 09:10:46 INFO  Ims:27 - What is your username
2020-05-01 09:10:50 INFO  Ims:29 - What is your password
2020-05-01 09:10:51 DEBUG Ims:114 - java.base/jdk.internal.reflect.NativeConstructorAccessorImpl.newInstance0(Native Method)
2020-05-01 09:10:51 DEBUG Ims:114 - java.base/jdk.internal.reflect.NativeConstructorAccessorImpl.newInstance(NativeConstructorAccessorImpl.java:62)
2020-05-01 09:10:51 DEBUG Ims:114 - java.base/jdk.internal.reflect.DelegatingConstructorAccessorImpl.newInstance(DelegatingConstructorAccessorImpl.java:45)
2020-05-01 09:10:51 DEBUG Ims:114 - java.base/java.lang.reflect.Constructor.newInstanceWithCaller(Constructor.java:500)
2020-05-01 09:10:51 DEBUG Ims:114 - java.base/java.lang.reflect.Constructor.newInstance(Constructor.java:481)
2020-05-01 09:10:51 DEBUG Ims:114 - com.mysql.jdbc.Util.handleNewInstance(Util.java:425)
2020-05-01 09:10:51 DEBUG Ims:114 - com.mysql.jdbc.Util.getInstance(Util.java:408)
2020-05-01 09:10:51 DEBUG Ims:114 - com.mysql.jdbc.SQLError.createSQLException(SQLError.java:919)
2020-05-01 09:10:51 DEBUG Ims:114 - com.mysql.jdbc.SQLError.createSQLException(SQLError.java:898)
2020-05-01 09:10:51 DEBUG Ims:114 - com.mysql.jdbc.SQLError.createSQLException(SQLError.java:887)
2020-05-01 09:10:51 DEBUG Ims:114 - com.mysql.jdbc.SQLError.createSQLException(SQLError.java:861)
2020-05-01 09:10:51 DEBUG Ims:114 - com.mysql.jdbc.NonRegisteringDriver.connect(NonRegisteringDriver.java:331)
2020-05-01 09:10:51 DEBUG Ims:114 - java.sql/java.sql.DriverManager.getConnection(DriverManager.java:677)
2020-05-01 09:10:51 DEBUG Ims:114 - java.sql/java.sql.DriverManager.getConnection(DriverManager.java:228)
2020-05-01 09:10:51 DEBUG Ims:114 - ims.Ims.init(Ims.java:104)
2020-05-01 09:10:51 DEBUG Ims:114 - ims.Ims.init(Ims.java:80)
2020-05-01 09:10:51 DEBUG Ims:114 - ims.Ims.ImsSystem(Ims.java:32)
2020-05-01 09:10:51 DEBUG Ims:114 - ims.ImsRunner.main(ImsRunner.java:6)
2020-05-01 09:10:51 ERROR Ims:116 - Cannot load connection class because of underlying exception: 'java.lang.NumberFormatException: For input string: "mysql:"'.
2020-05-01 09:10:51 INFO  Ims:34 - Which entity would you like to use?
2020-05-01 09:10:51 INFO  EntitySelection:28 - CUSTOMER: Information about customers
2020-05-01 09:10:51 INFO  EntitySelection:28 - ORDER: Individual Items
2020-05-01 09:10:51 INFO  EntitySelection:28 - INVENTORY: Purchases of items
2020-05-01 09:10:51 INFO  EntitySelection:28 - STOP: To close the application
2020-05-01 09:14:06 INFO  Ims:27 - What is your username
2020-05-01 09:14:09 INFO  Ims:29 - What is your password
2020-05-01 09:14:10 DEBUG Ims:114 - java.base/jdk.internal.reflect.NativeConstructorAccessorImpl.newInstance0(Native Method)
2020-05-01 09:14:10 DEBUG Ims:114 - java.base/jdk.internal.reflect.NativeConstructorAccessorImpl.newInstance(NativeConstructorAccessorImpl.java:62)
2020-05-01 09:14:10 DEBUG Ims:114 - java.base/jdk.internal.reflect.DelegatingConstructorAccessorImpl.newInstance(DelegatingConstructorAccessorImpl.java:45)
2020-05-01 09:14:10 DEBUG Ims:114 - java.base/java.lang.reflect.Constructor.newInstanceWithCaller(Constructor.java:500)
2020-05-01 09:14:10 DEBUG Ims:114 - java.base/java.lang.reflect.Constructor.newInstance(Constructor.java:481)
2020-05-01 09:14:10 DEBUG Ims:114 - com.mysql.jdbc.Util.handleNewInstance(Util.java:425)
2020-05-01 09:14:10 DEBUG Ims:114 - com.mysql.jdbc.Util.getInstance(Util.java:408)
2020-05-01 09:14:10 DEBUG Ims:114 - com.mysql.jdbc.SQLError.createSQLException(SQLError.java:919)
2020-05-01 09:14:10 DEBUG Ims:114 - com.mysql.jdbc.SQLError.createSQLException(SQLError.java:898)
2020-05-01 09:14:10 DEBUG Ims:114 - com.mysql.jdbc.SQLError.createSQLException(SQLError.java:887)
2020-05-01 09:14:10 DEBUG Ims:114 - com.mysql.jdbc.SQLError.createSQLException(SQLError.java:861)
2020-05-01 09:14:10 DEBUG Ims:114 - com.mysql.jdbc.NonRegisteringDriver.connect(NonRegisteringDriver.java:331)
2020-05-01 09:14:10 DEBUG Ims:114 - java.sql/java.sql.DriverManager.getConnection(DriverManager.java:677)
2020-05-01 09:14:10 DEBUG Ims:114 - java.sql/java.sql.DriverManager.getConnection(DriverManager.java:228)
2020-05-01 09:14:10 DEBUG Ims:114 - ims.Ims.init(Ims.java:104)
2020-05-01 09:14:10 DEBUG Ims:114 - ims.Ims.init(Ims.java:80)
2020-05-01 09:14:10 DEBUG Ims:114 - ims.Ims.ImsSystem(Ims.java:32)
2020-05-01 09:14:10 DEBUG Ims:114 - ims.ImsRunner.main(ImsRunner.java:6)
2020-05-01 09:14:10 ERROR Ims:116 - Cannot load connection class because of underlying exception: 'java.lang.NumberFormatException: For input string: "mysql:"'.
2020-05-01 09:14:10 INFO  Ims:34 - Which entity would you like to use?
2020-05-01 09:14:10 INFO  EntitySelection:28 - CUSTOMER: Access Customers Table
2020-05-01 09:14:10 INFO  EntitySelection:28 - ORDER: Access Orders Table
2020-05-01 09:14:10 INFO  EntitySelection:28 - INVENTORY: Access Inventory Table
2020-05-01 09:14:10 INFO  EntitySelection:28 - STOP: To close the application
2020-05-01 09:14:15 INFO  Ims:38 - What would you like to do with customer:
2020-05-01 09:14:15 INFO  CrudActions:28 - CREATE:Create a new item in the database
2020-05-01 09:14:15 INFO  CrudActions:28 - READ:Select an item to read from the database
2020-05-01 09:14:15 INFO  CrudActions:28 - UPDATE:Update an item in the database
2020-05-01 09:14:15 INFO  CrudActions:28 - DELETE:Delete an item from the database
2020-05-01 09:14:15 INFO  CrudActions:28 - RETURN:Back to Menu
2020-05-01 09:14:39 INFO  Ims:27 - What is your username
2020-05-01 09:14:40 INFO  Ims:29 - What is your password
2020-05-01 09:14:41 DEBUG Ims:114 - java.base/jdk.internal.reflect.NativeConstructorAccessorImpl.newInstance0(Native Method)
2020-05-01 09:14:41 DEBUG Ims:114 - java.base/jdk.internal.reflect.NativeConstructorAccessorImpl.newInstance(NativeConstructorAccessorImpl.java:62)
2020-05-01 09:14:41 DEBUG Ims:114 - java.base/jdk.internal.reflect.DelegatingConstructorAccessorImpl.newInstance(DelegatingConstructorAccessorImpl.java:45)
2020-05-01 09:14:41 DEBUG Ims:114 - java.base/java.lang.reflect.Constructor.newInstanceWithCaller(Constructor.java:500)
2020-05-01 09:14:41 DEBUG Ims:114 - java.base/java.lang.reflect.Constructor.newInstance(Constructor.java:481)
2020-05-01 09:14:41 DEBUG Ims:114 - com.mysql.jdbc.Util.handleNewInstance(Util.java:425)
2020-05-01 09:14:41 DEBUG Ims:114 - com.mysql.jdbc.Util.getInstance(Util.java:408)
2020-05-01 09:14:41 DEBUG Ims:114 - com.mysql.jdbc.SQLError.createSQLException(SQLError.java:919)
2020-05-01 09:14:41 DEBUG Ims:114 - com.mysql.jdbc.SQLError.createSQLException(SQLError.java:898)
2020-05-01 09:14:41 DEBUG Ims:114 - com.mysql.jdbc.SQLError.createSQLException(SQLError.java:887)
2020-05-01 09:14:41 DEBUG Ims:114 - com.mysql.jdbc.SQLError.createSQLException(SQLError.java:861)
2020-05-01 09:14:41 DEBUG Ims:114 - com.mysql.jdbc.NonRegisteringDriver.connect(NonRegisteringDriver.java:331)
2020-05-01 09:14:41 DEBUG Ims:114 - java.sql/java.sql.DriverManager.getConnection(DriverManager.java:677)
2020-05-01 09:14:41 DEBUG Ims:114 - java.sql/java.sql.DriverManager.getConnection(DriverManager.java:228)
2020-05-01 09:14:41 DEBUG Ims:114 - ims.Ims.init(Ims.java:104)
2020-05-01 09:14:41 DEBUG Ims:114 - ims.Ims.init(Ims.java:80)
2020-05-01 09:14:41 DEBUG Ims:114 - ims.Ims.ImsSystem(Ims.java:32)
2020-05-01 09:14:41 DEBUG Ims:114 - ims.ImsRunner.main(ImsRunner.java:6)
2020-05-01 09:14:41 ERROR Ims:116 - Cannot load connection class because of underlying exception: 'java.lang.NumberFormatException: For input string: "mysql:"'.
2020-05-01 09:14:41 INFO  Ims:34 - Which entity would you like to use?
2020-05-01 09:14:42 INFO  EntitySelection:28 - CUSTOMER: Access Customers Table
2020-05-01 09:14:42 INFO  EntitySelection:28 - ORDER: Access Orders Table
2020-05-01 09:14:42 INFO  EntitySelection:28 - INVENTORY: Access Inventory Table
2020-05-01 09:14:42 INFO  EntitySelection:28 - STOP: To close the application
2020-05-01 09:14:44 INFO  Ims:38 - What would you like to do with order:
2020-05-01 09:14:44 INFO  CrudActions:28 - CREATE:Create a new item in the database
2020-05-01 09:14:44 INFO  CrudActions:28 - READ:Select an item to read from the database
2020-05-01 09:14:44 INFO  CrudActions:28 - UPDATE:Update an item in the database
2020-05-01 09:14:44 INFO  CrudActions:28 - DELETE:Delete an item from the database
2020-05-01 09:14:44 INFO  CrudActions:28 - RETURN:Back to Menu
2020-05-01 09:18:44 INFO  Ims:27 - What is your username
2020-05-01 09:18:52 INFO  Ims:27 - What is your username
2020-05-01 09:18:58 INFO  Ims:29 - What is your password
2020-05-01 09:21:06 DEBUG Ims:114 - java.base/jdk.internal.reflect.NativeConstructorAccessorImpl.newInstance0(Native Method)
2020-05-01 09:21:06 DEBUG Ims:114 - java.base/jdk.internal.reflect.NativeConstructorAccessorImpl.newInstance(NativeConstructorAccessorImpl.java:62)
2020-05-01 09:21:06 DEBUG Ims:114 - java.base/jdk.internal.reflect.DelegatingConstructorAccessorImpl.newInstance(DelegatingConstructorAccessorImpl.java:45)
2020-05-01 09:21:06 DEBUG Ims:114 - java.base/java.lang.reflect.Constructor.newInstanceWithCaller(Constructor.java:500)
2020-05-01 09:21:06 DEBUG Ims:114 - java.base/java.lang.reflect.Constructor.newInstance(Constructor.java:481)
2020-05-01 09:21:06 DEBUG Ims:114 - com.mysql.jdbc.Util.handleNewInstance(Util.java:425)
2020-05-01 09:21:06 DEBUG Ims:114 - com.mysql.jdbc.Util.getInstance(Util.java:408)
2020-05-01 09:21:06 DEBUG Ims:114 - com.mysql.jdbc.SQLError.createSQLException(SQLError.java:919)
2020-05-01 09:21:06 DEBUG Ims:114 - com.mysql.jdbc.SQLError.createSQLException(SQLError.java:898)
2020-05-01 09:21:06 DEBUG Ims:114 - com.mysql.jdbc.SQLError.createSQLException(SQLError.java:887)
2020-05-01 09:21:06 DEBUG Ims:114 - com.mysql.jdbc.SQLError.createSQLException(SQLError.java:861)
2020-05-01 09:21:06 DEBUG Ims:114 - com.mysql.jdbc.NonRegisteringDriver.connect(NonRegisteringDriver.java:331)
2020-05-01 09:21:06 DEBUG Ims:114 - java.sql/java.sql.DriverManager.getConnection(DriverManager.java:677)
2020-05-01 09:21:06 DEBUG Ims:114 - java.sql/java.sql.DriverManager.getConnection(DriverManager.java:228)
2020-05-01 09:21:06 DEBUG Ims:114 - ims.Ims.init(Ims.java:104)
2020-05-01 09:21:06 DEBUG Ims:114 - ims.Ims.init(Ims.java:80)
2020-05-01 09:21:06 DEBUG Ims:114 - ims.Ims.ImsSystem(Ims.java:32)
2020-05-01 09:21:06 DEBUG Ims:114 - ims.ImsRunner.main(ImsRunner.java:6)
2020-05-01 09:21:06 ERROR Ims:116 - Cannot load connection class because of underlying exception: 'java.lang.NumberFormatException: For input string: "mysql:"'.
2020-05-01 09:21:19 DEBUG Ims:114 - java.base/jdk.internal.reflect.NativeConstructorAccessorImpl.newInstance0(Native Method)
2020-05-01 09:21:19 DEBUG Ims:114 - java.base/jdk.internal.reflect.NativeConstructorAccessorImpl.newInstance(NativeConstructorAccessorImpl.java:62)
2020-05-01 09:21:19 DEBUG Ims:114 - java.base/jdk.internal.reflect.DelegatingConstructorAccessorImpl.newInstance(DelegatingConstructorAccessorImpl.java:45)
2020-05-01 09:21:19 DEBUG Ims:114 - java.base/java.lang.reflect.Constructor.newInstanceWithCaller(Constructor.java:500)
2020-05-01 09:21:19 DEBUG Ims:114 - java.base/java.lang.reflect.Constructor.newInstance(Constructor.java:481)
2020-05-01 09:21:19 DEBUG Ims:114 - com.mysql.jdbc.Util.handleNewInstance(Util.java:425)
2020-05-01 09:21:19 DEBUG Ims:114 - com.mysql.jdbc.Util.getInstance(Util.java:408)
2020-05-01 09:21:19 DEBUG Ims:114 - com.mysql.jdbc.SQLError.createSQLException(SQLError.java:919)
2020-05-01 09:21:19 DEBUG Ims:114 - com.mysql.jdbc.SQLError.createSQLException(SQLError.java:898)
2020-05-01 09:21:19 DEBUG Ims:114 - com.mysql.jdbc.SQLError.createSQLException(SQLError.java:887)
2020-05-01 09:21:19 DEBUG Ims:114 - com.mysql.jdbc.SQLError.createSQLException(SQLError.java:861)
2020-05-01 09:21:19 DEBUG Ims:114 - com.mysql.jdbc.NonRegisteringDriver.connect(NonRegisteringDriver.java:331)
2020-05-01 09:21:19 DEBUG Ims:114 - java.sql/java.sql.DriverManager.getConnection(DriverManager.java:677)
2020-05-01 09:21:19 DEBUG Ims:114 - java.sql/java.sql.DriverManager.getConnection(DriverManager.java:228)
2020-05-01 09:21:19 DEBUG Ims:114 - ims.Ims.init(Ims.java:104)
2020-05-01 09:21:19 DEBUG Ims:114 - ims.Ims.init(Ims.java:80)
2020-05-01 09:21:19 DEBUG Ims:114 - ims.Ims.ImsSystem(Ims.java:32)
2020-05-01 09:21:19 DEBUG Ims:114 - ims.ImsRunner.main(ImsRunner.java:6)
2020-05-01 09:21:19 ERROR Ims:116 - Cannot load connection class because of underlying exception: 'java.lang.NumberFormatException: For input string: "mysql:"'.
